2025-07-08 08:45:13,166 - INFO - 🔧 Configuration chargée:
2025-07-08 08:45:13,166 - INFO -    - API_URL: YXBvdGhpY2Fs
2025-07-08 08:45:13,166 - INFO -    - SERVER_URL: https://api.phardev.fr
2025-07-08 08:45:13,166 - INFO - 🚀 RÉCUPÉRATION HISTORIQUE MULTI-PHARMACIES AVEC TVA
2025-07-08 08:45:13,166 - INFO - 📅 Période: 2024-01-01 -> 2025-06-30
2025-07-08 08:45:13,166 - INFO - 🏥 Nombre de pharmacies: 69
2025-07-08 08:45:13,167 - INFO - 📅 18 périodes à traiter par pharmacie
2025-07-08 08:45:13,167 - INFO - 🔍 Aperçu des pharmacies:
2025-07-08 08:45:13,167 - INFO -    - GIE Grande Pharmacie Cap 3000 (o62044623)
2025-07-08 08:45:13,167 - INFO -    - Grande Pharmacie de La Part DIEU (062044623)
2025-07-08 08:45:13,167 - INFO -    - Pharmacie Sirvin (372006049)
2025-07-08 08:45:13,167 - INFO -    - Pharmacie du Centre (342030285)
2025-07-08 08:45:13,167 - INFO -    - Pharmacie de la Montagnette (132069444)
2025-07-08 08:45:13,167 - INFO -    ... et 64 autres
2025-07-08 08:45:21,080 - INFO - 
🏥 TRAITEMENT: GIE Grande Pharmacie Cap 3000 (o62044623)
2025-07-08 08:45:21,080 - INFO - ================================================================================
2025-07-08 08:45:21,080 - INFO - 📦 Récupération des produits...
2025-07-08 08:45:21,823 - ERROR - ❌ Erreur HTTP 401 pour produits o62044623: {"type":"https://tools.ietf.org/html/rfc9110#section-15.5.2","title":"Unauthorized","status":401,"traceId":"00-015629d477a3b1848c94155fa119728d-84b76379c79a69ba-00"}
2025-07-08 08:45:21,823 - INFO - ⏸️ Retry dans 1s...
2025-07-08 08:45:23,000 - ERROR - ❌ Erreur HTTP 401 pour produits o62044623: {"type":"https://tools.ietf.org/html/rfc9110#section-15.5.2","title":"Unauthorized","status":401,"traceId":"00-e00459dca2124ad2991e4c2965769876-bcf135fe514dbf37-00"}
2025-07-08 08:45:23,001 - INFO - ⏸️ Retry dans 2s...
2025-07-08 08:45:25,170 - ERROR - ❌ Erreur HTTP 401 pour produits o62044623: {"type":"https://tools.ietf.org/html/rfc9110#section-15.5.2","title":"Unauthorized","status":401,"traceId":"00-19fbeeae6e91db0daf0a181221a8efb4-7ed2ffa6a1091132-00"}
2025-07-08 08:45:25,171 - ERROR - ❌ Échec récupération produits
2025-07-08 08:45:25,171 - INFO - 📊 Période 1/18: 2024-01-01 -> 2024-01-31
2025-07-08 08:45:25,359 - ERROR - ❌ Erreur HTTP 401 pour ventes o62044623: {"type":"https://tools.ietf.org/html/rfc9110#section-15.5.2","title":"Unauthorized","status":401,"traceId":"00-9a1d3c3d25a93eb2806b0d930afd67df-292855729facf48b-00"}
2025-07-08 08:45:25,359 - INFO - ⏸️ Retry dans 1s...
2025-07-08 08:45:26,518 - ERROR - ❌ Erreur HTTP 401 pour ventes o62044623: {"type":"https://tools.ietf.org/html/rfc9110#section-15.5.2","title":"Unauthorized","status":401,"traceId":"00-2dbacc049bb2411f053d9ddeab7cb371-c108ce364be6557b-00"}
2025-07-08 08:45:26,519 - INFO - ⏸️ Retry dans 2s...
2025-07-08 08:45:28,687 - ERROR - ❌ Erreur HTTP 401 pour ventes o62044623: {"type":"https://tools.ietf.org/html/rfc9110#section-15.5.2","title":"Unauthorized","status":401,"traceId":"00-28435871b99156c825c7a5c0c04ea288-1c68811f518eb30f-00"}
2025-07-08 08:45:28,851 - ERROR - ❌ Erreur HTTP 401 pour achats o62044623: {"type":"https://tools.ietf.org/html/rfc9110#section-15.5.2","title":"Unauthorized","status":401,"traceId":"00-0fcd08ce2bcd31180baef2df6db42d10-212a322989be22b5-00"}
2025-07-08 08:45:28,851 - INFO - ⏸️ Retry dans 1s...
2025-07-08 08:45:30,014 - ERROR - ❌ Erreur HTTP 401 pour achats o62044623: {"type":"https://tools.ietf.org/html/rfc9110#section-15.5.2","title":"Unauthorized","status":401,"traceId":"00-0d066bfd60cf398ea734f51a6a9f73eb-51409b76d8f49efe-00"}
2025-07-08 08:45:30,015 - INFO - ⏸️ Retry dans 2s...
2025-07-08 08:45:32,181 - ERROR - ❌ Erreur HTTP 401 pour achats o62044623: {"type":"https://tools.ietf.org/html/rfc9110#section-15.5.2","title":"Unauthorized","status":401,"traceId":"00-a91412f12895a3c46a9f1329a4c11119-3f9e420931427960-00"}
2025-07-08 08:45:33,187 - INFO - 📊 Période 2/18: 2024-02-01 -> 2024-02-29
2025-07-08 08:45:33,345 - ERROR - ❌ Erreur HTTP 401 pour ventes o62044623: {"type":"https://tools.ietf.org/html/rfc9110#section-15.5.2","title":"Unauthorized","status":401,"traceId":"00-9da0b2f1b17f1736edeb8becf968a616-21f58fc049369b12-00"}
2025-07-08 08:45:33,345 - INFO - ⏸️ Retry dans 1s...
2025-07-08 08:45:34,514 - ERROR - ❌ Erreur HTTP 401 pour ventes o62044623: {"type":"https://tools.ietf.org/html/rfc9110#section-15.5.2","title":"Unauthorized","status":401,"traceId":"00-b36649768942593695f7409c63aed2d2-03b957168b1803d8-00"}
2025-07-08 08:45:34,515 - INFO - ⏸️ Retry dans 2s...
2025-07-08 08:45:36,683 - ERROR - ❌ Erreur HTTP 401 pour ventes o62044623: {"type":"https://tools.ietf.org/html/rfc9110#section-15.5.2","title":"Unauthorized","status":401,"traceId":"00-bd7b0e08c5538b4dfbf7c64739414f2c-3652a3bf38f9d089-00"}
2025-07-08 08:45:36,851 - ERROR - ❌ Erreur HTTP 401 pour achats o62044623: {"type":"https://tools.ietf.org/html/rfc9110#section-15.5.2","title":"Unauthorized","status":401,"traceId":"00-a764d08411998ce62bd830d9e007d7ec-02858774cdb6649e-00"}
2025-07-08 08:45:36,851 - INFO - ⏸️ Retry dans 1s...
2025-07-08 08:45:38,026 - ERROR - ❌ Erreur HTTP 401 pour achats o62044623: {"type":"https://tools.ietf.org/html/rfc9110#section-15.5.2","title":"Unauthorized","status":401,"traceId":"00-b70da45e8b4d86c7fe287665f33e6ac7-07c243f0110b0130-00"}
2025-07-08 08:45:38,026 - INFO - ⏸️ Retry dans 2s...
2025-07-08 08:45:38,205 - INFO - 
⚠️ Script interrompu par l'utilisateur
