2025-07-08 08:51:01,948 - INFO - 🔧 Configuration chargée:
2025-07-08 08:51:01,948 - INFO -    - SERVER_URL: https://api.phardev.fr
2025-07-08 08:51:01,948 - INFO -    - Pharmacies configurées: 69
2025-07-08 08:51:01,948 - INFO - 🚀 RÉCUPÉRATION HISTORIQUE MULTI-PHARMACIES AVEC CREDENTIALS INDIVIDUELS
2025-07-08 08:51:01,948 - INFO - 📅 Période: 2024-01-01 -> 2025-06-30
2025-07-08 08:51:01,948 - INFO - 🏥 Nombre de pharmacies configurées: 69
2025-07-08 08:51:01,948 - INFO - 📅 18 périodes à traiter par pharmacie
2025-07-08 08:51:01,948 - INFO - 🔍 Pharmacies configurées:
2025-07-08 08:51:01,948 - INFO -    - GIE Grande Pharmacie Cap 3000 (o62044623)
2025-07-08 08:51:01,948 - INFO -    - Grande Pharmacie de La Part DIEU (062044623)
2025-07-08 08:51:01,948 - INFO -    - Pharmacie Sirvin (372006049)
2025-07-08 08:51:01,948 - INFO -    - Pharmacie du Centre (342030285)
2025-07-08 08:51:01,948 - INFO -    - Pharmacie de la Montagnette (132069444)
2025-07-08 08:51:01,948 - INFO -    - Pharmacie du Cours Mirabeau (132040585)
2025-07-08 08:51:01,948 - INFO -    - Pharmacie BAB2 (642013593)
2025-07-08 08:51:01,948 - INFO -    - Pharmacie Becker Monteux (062044623)
2025-07-08 08:51:01,948 - INFO -    - Pharmacie du 8 mai 1945 (062044623)
2025-07-08 08:51:01,948 - INFO -    - Pharmacie Espace Bocaud (342026218)
2025-07-08 08:51:01,948 - INFO -    - Pharmacie Val D'Europe (772012522)
2025-07-08 08:51:01,948 - INFO -    - Pharmacie de Monthieu (422027524)
2025-07-08 08:51:01,948 - INFO -    - Pharmacie de la Croisière (682020763)
2025-07-08 08:51:01,948 - INFO -    - Pharmacie Valence 2 (262071004)
2025-07-08 08:51:01,948 - INFO -    - Pharmacie Martinet (132046616)
2025-07-08 08:51:01,948 - INFO -    - Phamracie Mouysset (062044623)
2025-07-08 08:51:01,949 - INFO -    - Pharmacie du Chemin Long (332018811)
2025-07-08 08:51:01,949 - INFO -    - Pharmacie de l'Etoile (332022755)
2025-07-08 08:51:01,949 - INFO -    - Pharmacie de la Place de la République (752040428)
2025-07-08 08:51:01,949 - INFO -    - Pharmacie Centrale (132066978)
2025-07-08 08:51:01,949 - INFO -    - Pharmacie Varoise (832011373)
2025-07-08 08:51:01,949 - INFO -    - Pharmacie de Castanet (302003330)
2025-07-08 08:51:01,949 - INFO -    - SELARL Pharmacie des Arceaux (342026655)
2025-07-08 08:51:01,949 - INFO -    - Pharmacie du Printemps (672033586)
2025-07-08 08:51:01,949 - INFO -    - Pharmacie Taddei Medori (202041711)
2025-07-08 08:51:01,949 - INFO -    - Pharmacie Lingostière (o62037049)
2025-07-08 08:51:01,949 - INFO -    - Pharmacie Saint Jean (132028473)
2025-07-08 08:51:01,949 - INFO -    - Pharmacie des Portes d'Uzès (302006531)
2025-07-08 08:51:01,949 - INFO -    - Pharmacie Centrale Evry 2 (912015492)
2025-07-08 08:51:01,949 - INFO -    - Pharmacie Egletons (192005940)
2025-07-08 08:51:01,949 - INFO -    - Pharmacie des Salicornes (302006192)
2025-07-08 08:51:01,949 - INFO -    - Pharmacie Coté Seine (952700268)
2025-07-08 08:51:01,949 - INFO -    - Pharmacie du Valinco (202021481)
2025-07-08 08:51:01,949 - INFO -    - Pharmacie du Centre Dammarie Les Lys (772011623)
2025-07-08 08:51:01,949 - INFO -    - Pharmacie de l'Alliance (332022219)
2025-07-08 08:51:01,949 - INFO -    - Pharmacie Ylium (852007137)
2025-07-08 08:51:01,949 - INFO -    - Pharmacie du Forez (422023671)
2025-07-08 08:51:01,949 - INFO -    - Grande pharmacie hyéroise / Pharmacie Massillon (832011498)
2025-07-08 08:51:01,949 - INFO -    - Pharmacie du Pradian (732002811)
2025-07-08 08:51:01,949 - INFO -    - Pharmacie de l'Europe (422026542)
2025-07-08 08:51:01,949 - INFO -    - Grande Pharmacie de la Station (922020771)
2025-07-08 08:51:01,949 - INFO -    - Pharmacie du Leman (742005481)
2025-07-08 08:51:01,949 - INFO -    - Pharmacie de Tokoro (o52702370)
2025-07-08 08:51:01,949 - INFO -    - Pharmacie des Quatres Chemins (922021373)
2025-07-08 08:51:01,949 - INFO -    - Pharmacie de la Muette (952701043)
2025-07-08 08:51:01,949 - INFO -    - Pharmacie Faubourg Bastille (752043471)
2025-07-08 08:51:01,949 - INFO -    - Grande Pharmacie de Fleury (912015369)
2025-07-08 08:51:01,949 - INFO -    - Pharmacie de Beaulieu (442002119)
2025-07-08 08:51:01,949 - INFO -    - Pharmacie du Bocage (792020646)
2025-07-08 08:51:01,949 - INFO -    - Pharmacie de la Rocade (202040697)
2025-07-08 08:51:01,949 - INFO -    - Grande Pharmacie des Arcades (312008915)
2025-07-08 08:51:01,949 - INFO -    - Pharmacie Jalles (692013469)
2025-07-08 08:51:01,949 - INFO -    - Pharmacie de Capestang (342027588)
2025-07-08 08:51:01,949 - INFO -    - Pharmacie de la Sorgue (842005456)
2025-07-08 08:51:01,949 - INFO -    - Pharmacie Becker Carpentras (842002008)
2025-07-08 08:51:01,949 - INFO -    - Pharmacie de l'Ecluse (842003121)
2025-07-08 08:51:01,949 - INFO -    - Pharmacie de Sarrola (202021648)
2025-07-08 08:51:01,949 - INFO -    - Pharmacie des Ateliers (132081613)
2025-07-08 08:51:01,949 - INFO -    - Pharmacie de Caumont (842006348)
2025-07-08 08:51:01,949 - INFO -    - Pharmacie du Centre (Ventabren) (132048687)
2025-07-08 08:51:01,949 - INFO -    - Pharmacie des Cascades (732003132)
2025-07-08 08:51:01,949 - INFO -    - Pharmacie du Wahoo (662004100)
2025-07-08 08:51:01,949 - INFO -    - Pharmacie du Château (662004522)
2025-07-08 08:51:01,949 - INFO -    - Pharmacie de la Gare (782712756)
2025-07-08 08:51:01,949 - INFO -    - Grande Pharmacie des Ocres (842006462)
2025-07-08 08:51:01,949 - INFO -    - Pharmacie Montarnaud (342030137)
2025-07-08 08:51:01,949 - INFO -    - Pharmacie du Géant Luce (280003641)
2025-07-08 08:51:01,949 - INFO -    - Pharmacie Paque (802006031)
2025-07-08 08:51:01,949 - INFO -    - Pharmacie Cap sud (842005472)
2025-07-08 08:51:01,949 - WARNING - ⚠️ IMPORTANT: Ce script ne traite que les pharmacies avec credentials configurés
2025-07-08 08:51:01,949 - WARNING - ⚠️ Pour ajouter d'autres pharmacies, vous devez obtenir leurs credentials API
2025-07-08 08:51:11,079 - INFO - 
🏥 TRAITEMENT: GIE Grande Pharmacie Cap 3000 (o62044623)
2025-07-08 08:51:11,080 - INFO - ================================================================================
2025-07-08 08:51:11,318 - ERROR - ❌ Credentials invalides pour o62044623
2025-07-08 08:51:11,319 - ERROR - ❌ Credentials invalides pour GIE Grande Pharmacie Cap 3000 - SKIP
2025-07-08 08:51:11,319 - INFO - ⏸️ Pause de 3 secondes avant la pharmacie suivante...
2025-07-08 08:51:14,324 - INFO - 
🏥 TRAITEMENT: Grande Pharmacie de La Part DIEU (062044623)
2025-07-08 08:51:14,325 - INFO - ================================================================================
2025-07-08 08:51:14,496 - ERROR - ❌ Credentials invalides pour 062044623
2025-07-08 08:51:14,496 - ERROR - ❌ Credentials invalides pour Grande Pharmacie de La Part DIEU - SKIP
2025-07-08 08:51:14,497 - INFO - ⏸️ Pause de 3 secondes avant la pharmacie suivante...
2025-07-08 08:51:17,501 - INFO - 
🏥 TRAITEMENT: Pharmacie Sirvin (372006049)
2025-07-08 08:51:17,501 - INFO - ================================================================================
2025-07-08 08:51:19,068 - INFO - ✅ Credentials OK pour 372006049
2025-07-08 08:51:19,069 - INFO - 📦 Récupération des produits...
2025-07-08 08:51:19,843 - INFO - ✅ produits 372006049 -: 1508215 caractères
2025-07-08 08:51:47,268 - INFO - ✅ Produits traités avec succès
2025-07-08 08:51:47,270 - INFO - 📊 Période 1/18: 2024-01-01 -> 2024-01-31
2025-07-08 08:51:49,541 - INFO - ✅ ventes 372006049 2024-01-01-2024-01-31: 8334456 caractères
2025-07-08 08:51:53,309 - INFO - ✅ achats 372006049 2024-01-01-2024-01-31: 1065788 caractères
2025-07-08 08:51:57,217 - INFO - 📊 Période 2/18: 2024-02-01 -> 2024-02-29
2025-07-08 08:51:58,093 - INFO - ✅ ventes 372006049 2024-02-01-2024-02-29: 7145551 caractères
2025-07-08 08:52:01,282 - INFO - ✅ achats 372006049 2024-02-01-2024-02-29: 1758700 caractères
2025-07-08 08:52:06,163 - INFO - 📊 Période 3/18: 2024-03-01 -> 2024-03-31
2025-07-08 08:52:07,198 - INFO - ✅ ventes 372006049 2024-03-01-2024-03-31: 7570563 caractères
2025-07-08 08:52:10,641 - INFO - ✅ achats 372006049 2024-03-01-2024-03-31: 2565837 caractères
2025-07-08 08:52:16,719 - INFO - 📊 Période 4/18: 2024-04-01 -> 2024-04-30
2025-07-08 08:52:17,719 - INFO - ✅ ventes 372006049 2024-04-01-2024-04-30: 7815770 caractères
2025-07-08 08:52:21,230 - INFO - ✅ achats 372006049 2024-04-01-2024-04-30: 2168098 caractères
2025-07-08 08:52:26,604 - INFO - 📊 Période 5/18: 2024-05-01 -> 2024-05-31
2025-07-08 08:52:27,451 - INFO - ✅ ventes 372006049 2024-05-01-2024-05-31: 7353127 caractères
2025-07-08 08:52:30,867 - INFO - ✅ achats 372006049 2024-05-01-2024-05-31: 2160545 caractères
2025-07-08 08:52:36,131 - INFO - 📊 Période 6/18: 2024-06-01 -> 2024-06-30
2025-07-08 08:52:37,051 - INFO - ✅ ventes 372006049 2024-06-01-2024-06-30: 7772983 caractères
2025-07-08 08:52:40,313 - INFO - ✅ achats 372006049 2024-06-01-2024-06-30: 2075861 caractères
2025-07-08 08:52:45,634 - INFO - 📊 Période 7/18: 2024-07-01 -> 2024-07-31
2025-07-08 08:52:46,641 - INFO - ✅ ventes 372006049 2024-07-01-2024-07-31: 7737308 caractères
2025-07-08 08:52:49,800 - INFO - ✅ achats 372006049 2024-07-01-2024-07-31: 1808358 caractères
2025-07-08 08:52:54,512 - INFO - 📊 Période 8/18: 2024-08-01 -> 2024-08-31
2025-07-08 08:52:55,489 - INFO - ✅ ventes 372006049 2024-08-01-2024-08-31: 7504180 caractères
2025-07-08 08:52:58,524 - INFO - ✅ achats 372006049 2024-08-01-2024-08-31: 1501854 caractères
2025-07-08 08:53:02,826 - INFO - 📊 Période 9/18: 2024-09-01 -> 2024-09-30
2025-07-08 08:53:03,614 - INFO - ✅ ventes 372006049 2024-09-01-2024-09-30: 8110288 caractères
2025-07-08 08:53:06,940 - INFO - ✅ achats 372006049 2024-09-01-2024-09-30: 1801916 caractères
2025-07-08 08:53:11,757 - INFO - 📊 Période 10/18: 2024-10-01 -> 2024-10-31
2025-07-08 08:53:12,861 - INFO - ✅ ventes 372006049 2024-10-01-2024-10-31: 8882411 caractères
2025-07-08 08:53:16,244 - INFO - ✅ achats 372006049 2024-10-01-2024-10-31: 1030154 caractères
2025-07-08 08:53:19,851 - INFO - 📊 Période 11/18: 2024-11-01 -> 2024-11-30
2025-07-08 08:53:20,859 - INFO - ✅ ventes 372006049 2024-11-01-2024-11-30: 7595701 caractères
2025-07-08 08:53:23,849 - INFO - ✅ achats 372006049 2024-11-01-2024-11-30: 753595 caractères
2025-07-08 08:53:26,990 - INFO - 📊 Période 12/18: 2024-12-01 -> 2024-12-31
2025-07-08 08:53:27,992 - INFO - ✅ ventes 372006049 2024-12-01-2024-12-31: 9937745 caractères
2025-07-08 08:53:31,529 - INFO - ✅ achats 372006049 2024-12-01-2024-12-31: 815092 caractères
2025-07-08 08:53:34,822 - INFO - 📊 Période 13/18: 2025-01-01 -> 2025-01-31
2025-07-08 08:53:35,678 - INFO - ✅ ventes 372006049 2025-01-01-2025-01-31: 7449614 caractères
2025-07-08 08:53:38,948 - INFO - ✅ achats 372006049 2025-01-01-2025-01-31: 1045001 caractères
2025-07-08 08:53:42,585 - INFO - 📊 Période 14/18: 2025-02-01 -> 2025-02-28
2025-07-08 08:53:43,483 - INFO - ✅ ventes 372006049 2025-02-01-2025-02-28: 7166469 caractères
2025-07-08 08:53:46,716 - INFO - ✅ achats 372006049 2025-02-01-2025-02-28: 682321 caractères
2025-07-08 08:53:49,654 - INFO - 📊 Période 15/18: 2025-03-01 -> 2025-03-31
2025-07-08 08:53:50,601 - INFO - ✅ ventes 372006049 2025-03-01-2025-03-31: 7838883 caractères
2025-07-08 08:53:54,169 - INFO - ✅ achats 372006049 2025-03-01-2025-03-31: 977601 caractères
2025-07-08 08:53:57,947 - INFO - 📊 Période 16/18: 2025-04-01 -> 2025-04-30
2025-07-08 08:53:58,884 - INFO - ✅ ventes 372006049 2025-04-01-2025-04-30: 6821818 caractères
2025-07-08 08:54:03,254 - INFO - ✅ achats 372006049 2025-04-01-2025-04-30: 825230 caractères
2025-07-08 08:54:06,953 - INFO - 📊 Période 17/18: 2025-05-01 -> 2025-05-31
2025-07-08 08:54:07,814 - INFO - ✅ ventes 372006049 2025-05-01-2025-05-31: 7675413 caractères
2025-07-08 08:54:11,156 - INFO - ✅ achats 372006049 2025-05-01-2025-05-31: 894804 caractères
2025-07-08 08:54:14,706 - INFO - 📊 Période 18/18: 2025-06-01 -> 2025-06-30
2025-07-08 08:54:15,485 - INFO - ✅ ventes 372006049 2025-06-01-2025-06-30: 7555239 caractères
2025-07-08 08:54:18,855 - INFO - ✅ achats 372006049 2025-06-01-2025-06-30: 796274 caractères
2025-07-08 08:54:21,382 - INFO - 
📊 STATISTIQUES Pharmacie Sirvin:
2025-07-08 08:54:21,383 - INFO -    PRODUCTS: 1/1 succès (100.0%)
2025-07-08 08:54:21,383 - INFO -    SALES: 18/18 succès (100.0%)
2025-07-08 08:54:21,383 - INFO -    ORDERS: 18/18 succès (100.0%)
2025-07-08 08:54:21,384 - INFO -    TVA: 8535 produits uniques avec TVA
2025-07-08 08:54:21,399 - INFO - ⏸️ Pause de 3 secondes avant la pharmacie suivante...
2025-07-08 08:54:24,404 - INFO - 
🏥 TRAITEMENT: Pharmacie du Centre (342030285)
2025-07-08 08:54:24,404 - INFO - ================================================================================
2025-07-08 08:54:25,907 - INFO - ✅ Credentials OK pour 342030285
2025-07-08 08:54:25,907 - INFO - 📦 Récupération des produits...
2025-07-08 08:54:26,917 - INFO - ✅ produits 342030285 -: 1924190 caractères
2025-07-08 08:54:59,005 - INFO - ✅ Produits traités avec succès
2025-07-08 08:54:59,006 - INFO - 📊 Période 1/18: 2024-01-01 -> 2024-01-31
2025-07-08 08:55:01,749 - INFO - ✅ ventes 342030285 2024-01-01-2024-01-31: 12881057 caractères
2025-07-08 08:55:07,951 - INFO - ✅ achats 342030285 2024-01-01-2024-01-31: 2346080 caractères
2025-07-08 08:55:14,982 - INFO - 📊 Période 2/18: 2024-02-01 -> 2024-02-29
2025-07-08 08:55:18,195 - INFO - ✅ ventes 342030285 2024-02-01-2024-02-29: 11630045 caractères
2025-07-08 08:55:24,437 - INFO - ✅ achats 342030285 2024-02-01-2024-02-29: 2326954 caractères
2025-07-08 08:55:31,501 - INFO - 📊 Période 3/18: 2024-03-01 -> 2024-03-31
2025-07-08 08:55:32,730 - INFO - ✅ ventes 342030285 2024-03-01-2024-03-31: 12196401 caractères
2025-07-08 08:55:38,367 - INFO - ✅ achats 342030285 2024-03-01-2024-03-31: 2353392 caractères
2025-07-08 08:55:45,377 - INFO - 📊 Période 4/18: 2024-04-01 -> 2024-04-30
2025-07-08 08:55:46,479 - INFO - ✅ ventes 342030285 2024-04-01-2024-04-30: 11655243 caractères
2025-07-08 08:55:51,959 - INFO - ✅ achats 342030285 2024-04-01-2024-04-30: 2301775 caractères
2025-07-08 08:55:58,795 - INFO - 📊 Période 5/18: 2024-05-01 -> 2024-05-31
2025-07-08 08:55:59,890 - INFO - ✅ ventes 342030285 2024-05-01-2024-05-31: 10702404 caractères
2025-07-08 08:56:05,143 - INFO - ✅ achats 342030285 2024-05-01-2024-05-31: 2208243 caractères
2025-07-08 08:56:11,577 - INFO - 📊 Période 6/18: 2024-06-01 -> 2024-06-30
2025-07-08 08:56:12,628 - INFO - ✅ ventes 342030285 2024-06-01-2024-06-30: 11267608 caractères
2025-07-08 08:56:18,226 - INFO - ✅ achats 342030285 2024-06-01-2024-06-30: 2243035 caractères
2025-07-08 08:56:24,663 - INFO - 📊 Période 7/18: 2024-07-01 -> 2024-07-31
2025-07-08 08:56:25,811 - INFO - ✅ ventes 342030285 2024-07-01-2024-07-31: 11954222 caractères
2025-07-08 08:56:31,491 - INFO - ✅ achats 342030285 2024-07-01-2024-07-31: 2303258 caractères
2025-07-08 08:56:38,236 - INFO - 📊 Période 8/18: 2024-08-01 -> 2024-08-31
2025-07-08 08:56:39,469 - INFO - ✅ ventes 342030285 2024-08-01-2024-08-31: 10276102 caractères
2025-07-08 08:56:44,452 - INFO - ✅ achats 342030285 2024-08-01-2024-08-31: 1982252 caractères
2025-07-08 08:56:50,295 - INFO - 📊 Période 9/18: 2024-09-01 -> 2024-09-30
2025-07-08 08:56:51,447 - INFO - ✅ ventes 342030285 2024-09-01-2024-09-30: 11376805 caractères
2025-07-08 08:56:59,170 - INFO - ✅ achats 342030285 2024-09-01-2024-09-30: 2294191 caractères
2025-07-08 08:57:05,767 - INFO - 📊 Période 10/18: 2024-10-01 -> 2024-10-31
2025-07-08 08:57:06,963 - INFO - ✅ ventes 342030285 2024-10-01-2024-10-31: 12331809 caractères
2025-07-08 08:57:12,766 - INFO - ✅ achats 342030285 2024-10-01-2024-10-31: 2511535 caractères
2025-07-08 08:57:19,845 - INFO - 📊 Période 11/18: 2024-11-01 -> 2024-11-30
2025-07-08 08:57:21,149 - INFO - ✅ ventes 342030285 2024-11-01-2024-11-30: 12062763 caractères
2025-07-08 08:57:26,578 - INFO - ✅ achats 342030285 2024-11-01-2024-11-30: 2277645 caractères
2025-07-08 08:57:32,913 - INFO - 📊 Période 12/18: 2024-12-01 -> 2024-12-31
2025-07-08 08:57:34,281 - INFO - ✅ ventes 342030285 2024-12-01-2024-12-31: 11984744 caractères
2025-07-08 08:57:40,563 - INFO - ✅ achats 342030285 2024-12-01-2024-12-31: 2289171 caractères
2025-07-08 08:57:47,076 - INFO - 📊 Période 13/18: 2025-01-01 -> 2025-01-31
2025-07-08 08:57:48,301 - INFO - ✅ ventes 342030285 2025-01-01-2025-01-31: 12250251 caractères
2025-07-08 08:57:54,161 - INFO - ✅ achats 342030285 2025-01-01-2025-01-31: 2455470 caractères
2025-07-08 08:58:00,754 - INFO - 📊 Période 14/18: 2025-02-01 -> 2025-02-28
2025-07-08 08:58:02,071 - INFO - ✅ ventes 342030285 2025-02-01-2025-02-28: 10571209 caractères
2025-07-08 08:58:07,732 - INFO - ✅ achats 342030285 2025-02-01-2025-02-28: 2625601 caractères
2025-07-08 08:58:15,029 - INFO - 📊 Période 15/18: 2025-03-01 -> 2025-03-31
2025-07-08 08:58:16,059 - INFO - ✅ ventes 342030285 2025-03-01-2025-03-31: 11346080 caractères
2025-07-08 08:58:22,131 - INFO - ✅ achats 342030285 2025-03-01-2025-03-31: 2726789 caractères
2025-07-08 08:58:29,542 - INFO - 📊 Période 16/18: 2025-04-01 -> 2025-04-30
2025-07-08 08:58:30,804 - INFO - ✅ ventes 342030285 2025-04-01-2025-04-30: 11254483 caractères
2025-07-08 08:58:36,963 - INFO - ✅ achats 342030285 2025-04-01-2025-04-30: 2642253 caractères
2025-07-08 08:58:44,613 - INFO - 📊 Période 17/18: 2025-05-01 -> 2025-05-31
2025-07-08 08:58:45,678 - INFO - ✅ ventes 342030285 2025-05-01-2025-05-31: 11023574 caractères
2025-07-08 08:58:51,855 - INFO - ✅ achats 342030285 2025-05-01-2025-05-31: 2417532 caractères
2025-07-08 08:58:58,504 - INFO - 📊 Période 18/18: 2025-06-01 -> 2025-06-30
2025-07-08 08:58:59,794 - INFO - ✅ ventes 342030285 2025-06-01-2025-06-30: 11288075 caractères
2025-07-08 08:59:06,417 - INFO - ✅ achats 342030285 2025-06-01-2025-06-30: 2312635 caractères
2025-07-08 08:59:11,767 - INFO - 
📊 STATISTIQUES Pharmacie du Centre:
2025-07-08 08:59:11,768 - INFO -    PRODUCTS: 1/1 succès (100.0%)
2025-07-08 08:59:11,768 - INFO -    SALES: 18/18 succès (100.0%)
2025-07-08 08:59:11,768 - INFO -    ORDERS: 18/18 succès (100.0%)
2025-07-08 08:59:11,769 - INFO -    TVA: 15601 produits uniques avec TVA
2025-07-08 08:59:11,794 - INFO - ⏸️ Pause de 3 secondes avant la pharmacie suivante...
2025-07-08 08:59:14,800 - INFO - 
🏥 TRAITEMENT: Pharmacie de la Montagnette (132069444)
2025-07-08 08:59:14,800 - INFO - ================================================================================
2025-07-08 08:59:16,256 - INFO - ✅ Credentials OK pour 132069444
2025-07-08 08:59:16,257 - INFO - 📦 Récupération des produits...
2025-07-08 08:59:17,056 - INFO - ✅ produits 132069444 -: 2190097 caractères
2025-07-08 08:59:51,451 - INFO - ✅ Produits traités avec succès
2025-07-08 08:59:51,452 - INFO - 📊 Période 1/18: 2024-01-01 -> 2024-01-31
2025-07-08 08:59:54,332 - INFO - ✅ ventes 132069444 2024-01-01-2024-01-31: 7817347 caractères
2025-07-08 08:59:58,739 - INFO - ✅ achats 132069444 2024-01-01-2024-01-31: 1131305 caractères
2025-07-08 09:00:03,596 - INFO - 📊 Période 2/18: 2024-02-01 -> 2024-02-29
2025-07-08 09:00:04,902 - INFO - ✅ ventes 132069444 2024-02-01-2024-02-29: 7068445 caractères
2025-07-08 09:00:09,512 - INFO - ✅ achats 132069444 2024-02-01-2024-02-29: 1168842 caractères
2025-07-08 09:00:14,099 - INFO - 📊 Période 3/18: 2024-03-01 -> 2024-03-31
2025-07-08 09:00:15,399 - INFO - ✅ ventes 132069444 2024-03-01-2024-03-31: 6984424 caractères
2025-07-08 09:00:19,749 - INFO - ✅ achats 132069444 2024-03-01-2024-03-31: 1070031 caractères
2025-07-08 09:00:23,957 - INFO - 📊 Période 4/18: 2024-04-01 -> 2024-04-30
2025-07-08 09:00:24,822 - INFO - ✅ ventes 132069444 2024-04-01-2024-04-30: 6769295 caractères
2025-07-08 09:00:28,779 - INFO - ✅ achats 132069444 2024-04-01-2024-04-30: 917899 caractères
2025-07-08 09:00:32,591 - INFO - 📊 Période 5/18: 2024-05-01 -> 2024-05-31
2025-07-08 09:00:33,475 - INFO - ✅ ventes 132069444 2024-05-01-2024-05-31: 6386832 caractères
2025-07-08 09:00:37,387 - INFO - ✅ achats 132069444 2024-05-01-2024-05-31: 908657 caractères
2025-07-08 09:00:41,092 - INFO - 📊 Période 6/18: 2024-06-01 -> 2024-06-30
2025-07-08 09:00:42,473 - INFO - ✅ ventes 132069444 2024-06-01-2024-06-30: 6575325 caractères
2025-07-08 09:00:46,606 - INFO - ✅ achats 132069444 2024-06-01-2024-06-30: 999965 caractères
2025-07-08 09:00:50,661 - INFO - 📊 Période 7/18: 2024-07-01 -> 2024-07-31
2025-07-08 09:00:51,812 - INFO - ✅ ventes 132069444 2024-07-01-2024-07-31: 6853272 caractères
2025-07-08 09:00:56,329 - INFO - ✅ achats 132069444 2024-07-01-2024-07-31: 1033698 caractères
2025-07-08 09:01:00,261 - INFO - 📊 Période 8/18: 2024-08-01 -> 2024-08-31
2025-07-08 09:01:01,340 - INFO - ✅ ventes 132069444 2024-08-01-2024-08-31: 6295551 caractères
2025-07-08 09:01:05,239 - INFO - ✅ achats 132069444 2024-08-01-2024-08-31: 873927 caractères
2025-07-08 09:01:08,772 - INFO - 📊 Période 9/18: 2024-09-01 -> 2024-09-30
2025-07-08 09:01:09,725 - INFO - ✅ ventes 132069444 2024-09-01-2024-09-30: 6714054 caractères
2025-07-08 09:01:13,515 - INFO - ✅ achats 132069444 2024-09-01-2024-09-30: 985248 caractères
2025-07-08 09:01:17,435 - INFO - 📊 Période 10/18: 2024-10-01 -> 2024-10-31
2025-07-08 09:01:18,434 - INFO - ✅ ventes 132069444 2024-10-01-2024-10-31: 7504153 caractères
2025-07-08 09:01:22,545 - INFO - ✅ achats 132069444 2024-10-01-2024-10-31: 1011598 caractères
2025-07-08 09:01:26,347 - INFO - 📊 Période 11/18: 2024-11-01 -> 2024-11-30
2025-07-08 09:01:27,353 - INFO - ✅ ventes 132069444 2024-11-01-2024-11-30: 6889824 caractères
2025-07-08 09:01:31,242 - INFO - ✅ achats 132069444 2024-11-01-2024-11-30: 1037535 caractères
2025-07-08 09:01:35,139 - INFO - 📊 Période 12/18: 2024-12-01 -> 2024-12-31
2025-07-08 09:01:36,124 - INFO - ✅ ventes 132069444 2024-12-01-2024-12-31: 7544309 caractères
2025-07-08 09:01:40,363 - INFO - ✅ achats 132069444 2024-12-01-2024-12-31: 1031156 caractères
2025-07-08 09:01:44,382 - INFO - 📊 Période 13/18: 2025-01-01 -> 2025-01-31
2025-07-08 09:01:45,237 - INFO - ✅ ventes 132069444 2025-01-01-2025-01-31: 7696043 caractères
2025-07-08 09:01:49,426 - INFO - ✅ achats 132069444 2025-01-01-2025-01-31: 1176737 caractères
2025-07-08 09:01:53,569 - INFO - 📊 Période 14/18: 2025-02-01 -> 2025-02-28
2025-07-08 09:01:54,547 - INFO - ✅ ventes 132069444 2025-02-01-2025-02-28: 6741218 caractères
2025-07-08 09:01:58,317 - INFO - ✅ achats 132069444 2025-02-01-2025-02-28: 1013678 caractères
2025-07-08 09:02:02,250 - INFO - 📊 Période 15/18: 2025-03-01 -> 2025-03-31
2025-07-08 09:02:03,086 - INFO - ✅ ventes 132069444 2025-03-01-2025-03-31: 7102957 caractères
2025-07-08 09:02:07,051 - INFO - ✅ achats 132069444 2025-03-01-2025-03-31: 1152518 caractères
2025-07-08 09:02:11,286 - INFO - 📊 Période 16/18: 2025-04-01 -> 2025-04-30
2025-07-08 09:02:12,085 - INFO - ✅ ventes 132069444 2025-04-01-2025-04-30: 6622184 caractères
2025-07-08 09:02:16,121 - INFO - ✅ achats 132069444 2025-04-01-2025-04-30: 1357676 caractères
2025-07-08 09:02:21,538 - INFO - 📊 Période 17/18: 2025-05-01 -> 2025-05-31
2025-07-08 09:02:22,292 - INFO - ✅ ventes 132069444 2025-05-01-2025-05-31: 6051383 caractères
2025-07-08 09:02:26,241 - INFO - ✅ achats 132069444 2025-05-01-2025-05-31: 1420902 caractères
2025-07-08 09:02:32,032 - INFO - 📊 Période 18/18: 2025-06-01 -> 2025-06-30
2025-07-08 09:02:33,232 - INFO - ✅ ventes 132069444 2025-06-01-2025-06-30: 9970240 caractères
2025-07-08 09:02:39,088 - INFO - ✅ achats 132069444 2025-06-01-2025-06-30: 1473943 caractères
2025-07-08 09:02:43,199 - INFO - 
📊 STATISTIQUES Pharmacie de la Montagnette:
2025-07-08 09:02:43,200 - INFO -    PRODUCTS: 1/1 succès (100.0%)
2025-07-08 09:02:43,200 - INFO -    SALES: 18/18 succès (100.0%)
2025-07-08 09:02:43,200 - INFO -    ORDERS: 18/18 succès (100.0%)
2025-07-08 09:02:43,201 - INFO -    TVA: 13590 produits uniques avec TVA
2025-07-08 09:02:43,217 - INFO - ⏸️ Pause de 3 secondes avant la pharmacie suivante...
2025-07-08 09:02:46,224 - INFO - 
🏥 TRAITEMENT: Pharmacie du Cours Mirabeau (132040585)
2025-07-08 09:02:46,225 - INFO - ================================================================================
2025-07-08 09:02:46,388 - ERROR - ❌ Credentials invalides pour 132040585
2025-07-08 09:02:46,388 - ERROR - ❌ Credentials invalides pour Pharmacie du Cours Mirabeau - SKIP
2025-07-08 09:02:46,391 - INFO - ⏸️ Pause de 3 secondes avant la pharmacie suivante...
2025-07-08 09:02:49,393 - INFO - 
🏥 TRAITEMENT: Pharmacie BAB2 (642013593)
2025-07-08 09:02:49,393 - INFO - ================================================================================
2025-07-08 09:02:49,556 - ERROR - ❌ Credentials invalides pour 642013593
2025-07-08 09:02:49,556 - ERROR - ❌ Credentials invalides pour Pharmacie BAB2 - SKIP
2025-07-08 09:02:49,557 - INFO - ⏸️ Pause de 3 secondes avant la pharmacie suivante...
2025-07-08 09:02:52,562 - INFO - 
🏥 TRAITEMENT: Pharmacie Becker Monteux (062044623)
2025-07-08 09:02:52,562 - INFO - ================================================================================
2025-07-08 09:02:52,731 - ERROR - ❌ Credentials invalides pour 062044623
2025-07-08 09:02:52,732 - ERROR - ❌ Credentials invalides pour Pharmacie Becker Monteux - SKIP
2025-07-08 09:02:52,732 - INFO - ⏸️ Pause de 3 secondes avant la pharmacie suivante...
2025-07-08 09:02:55,736 - INFO - 
🏥 TRAITEMENT: Pharmacie du 8 mai 1945 (062044623)
2025-07-08 09:02:55,737 - INFO - ================================================================================
2025-07-08 09:03:00,627 - INFO - ✅ Credentials OK pour 062044623
2025-07-08 09:03:00,628 - INFO - 📦 Récupération des produits...
2025-07-08 09:03:03,364 - INFO - ✅ produits 062044623 -: 6690598 caractères
2025-07-08 09:04:03,666 - ERROR - ❌ Erreur envoi products pour 062044623: HTTPSConnectionPool(host='api.phardev.fr', port=443): Read timed out. (read timeout=60)
2025-07-08 09:04:03,668 - ERROR - ❌ Échec envoi produits
2025-07-08 09:04:03,668 - INFO - 📊 Période 1/18: 2024-01-01 -> 2024-01-31
2025-07-08 09:04:12,674 - INFO - ✅ ventes 062044623 2024-01-01-2024-01-31: 47295549 caractères
2025-07-08 09:04:53,299 - INFO - ✅ achats 062044623 2024-01-01-2024-01-31: 2605829 caractères
2025-07-08 09:05:02,302 - INFO - 📊 Période 2/18: 2024-02-01 -> 2024-02-29
2025-07-08 09:05:12,530 - INFO - ✅ ventes 062044623 2024-02-01-2024-02-29: 46454426 caractères
2025-07-08 09:05:33,655 - INFO - ✅ achats 062044623 2024-02-01-2024-02-29: 2731547 caractères
2025-07-08 09:05:44,031 - INFO - 📊 Période 3/18: 2024-03-01 -> 2024-03-31
2025-07-08 09:05:50,460 - INFO - ✅ ventes 062044623 2024-03-01-2024-03-31: 45449168 caractères
2025-07-08 09:06:08,641 - INFO - ✅ achats 062044623 2024-03-01-2024-03-31: 2915560 caractères
2025-07-08 09:06:18,762 - INFO - 📊 Période 4/18: 2024-04-01 -> 2024-04-30
2025-07-08 09:06:23,217 - INFO - ✅ ventes 062044623 2024-04-01-2024-04-30: 47107649 caractères
2025-07-08 09:06:41,407 - INFO - ✅ achats 062044623 2024-04-01-2024-04-30: 3295733 caractères
2025-07-08 09:06:52,711 - INFO - 📊 Période 5/18: 2024-05-01 -> 2024-05-31
2025-07-08 09:06:57,488 - INFO - ✅ ventes 062044623 2024-05-01-2024-05-31: 43295311 caractères
2025-07-08 09:07:15,722 - INFO - ✅ achats 062044623 2024-05-01-2024-05-31: 2635268 caractères
2025-07-08 09:07:24,258 - INFO - 📊 Période 6/18: 2024-06-01 -> 2024-06-30
2025-07-08 09:07:28,627 - INFO - ✅ ventes 062044623 2024-06-01-2024-06-30: 47230202 caractères
2025-07-08 09:07:47,345 - INFO - ✅ achats 062044623 2024-06-01-2024-06-30: 2969814 caractères
2025-07-08 09:07:57,000 - INFO - 📊 Période 7/18: 2024-07-01 -> 2024-07-31
2025-07-08 09:08:03,297 - INFO - ✅ ventes 062044623 2024-07-01-2024-07-31: 47689772 caractères
2025-07-08 09:08:23,036 - INFO - ✅ achats 062044623 2024-07-01-2024-07-31: 3079097 caractères
2025-07-08 09:08:32,987 - INFO - 📊 Période 8/18: 2024-08-01 -> 2024-08-31
2025-07-08 09:08:38,837 - INFO - ✅ ventes 062044623 2024-08-01-2024-08-31: 43468489 caractères
2025-07-08 09:08:56,279 - INFO - ✅ achats 062044623 2024-08-01-2024-08-31: 2330840 caractères
2025-07-08 09:09:03,736 - INFO - 📊 Période 9/18: 2024-09-01 -> 2024-09-30
2025-07-08 09:09:07,019 - INFO - ✅ ventes 062044623 2024-09-01-2024-09-30: 44588610 caractères
2025-07-08 09:09:25,013 - INFO - ✅ achats 062044623 2024-09-01-2024-09-30: 2951737 caractères
2025-07-08 09:09:35,485 - INFO - 📊 Période 10/18: 2024-10-01 -> 2024-10-31
2025-07-08 09:09:38,583 - INFO - ✅ ventes 062044623 2024-10-01-2024-10-31: 47097473 caractères
2025-07-08 09:10:02,691 - INFO - ✅ achats 062044623 2024-10-01-2024-10-31: 3007651 caractères
2025-07-08 09:10:12,947 - INFO - 📊 Période 11/18: 2024-11-01 -> 2024-11-30
2025-07-08 09:10:17,516 - INFO - ✅ ventes 062044623 2024-11-01-2024-11-30: 45109920 caractères
2025-07-08 09:10:36,807 - INFO - ✅ achats 062044623 2024-11-01-2024-11-30: 2701311 caractères
2025-07-08 09:10:46,205 - INFO - 📊 Période 12/18: 2024-12-01 -> 2024-12-31
2025-07-08 09:10:50,284 - INFO - ✅ ventes 062044623 2024-12-01-2024-12-31: 46390307 caractères
2025-07-08 09:11:09,048 - INFO - ✅ achats 062044623 2024-12-01-2024-12-31: 2762563 caractères
2025-07-08 09:11:18,782 - INFO - 📊 Période 13/18: 2025-01-01 -> 2025-01-31
2025-07-08 09:11:22,113 - INFO - ✅ ventes 062044623 2025-01-01-2025-01-31: 50413329 caractères
2025-07-08 09:11:41,706 - INFO - ✅ achats 062044623 2025-01-01-2025-01-31: 2727343 caractères
2025-07-08 09:11:50,991 - INFO - 📊 Période 14/18: 2025-02-01 -> 2025-02-28
2025-07-08 09:11:54,278 - INFO - ✅ ventes 062044623 2025-02-01-2025-02-28: 42233265 caractères
2025-07-08 09:12:11,505 - INFO - ✅ achats 062044623 2025-02-01-2025-02-28: 2442880 caractères
2025-07-08 09:12:20,169 - INFO - 📊 Période 15/18: 2025-03-01 -> 2025-03-31
2025-07-08 09:12:23,316 - INFO - ✅ ventes 062044623 2025-03-01-2025-03-31: 46896581 caractères
2025-07-08 09:12:44,050 - INFO - ✅ achats 062044623 2025-03-01-2025-03-31: 3219856 caractères
2025-07-08 09:12:56,296 - INFO - 📊 Période 16/18: 2025-04-01 -> 2025-04-30
2025-07-08 09:13:03,546 - INFO - ✅ ventes 062044623 2025-04-01-2025-04-30: 44945341 caractères
2025-07-08 09:13:22,592 - INFO - ✅ achats 062044623 2025-04-01-2025-04-30: 2890364 caractères
2025-07-08 09:13:32,663 - INFO - 📊 Période 17/18: 2025-05-01 -> 2025-05-31
2025-07-08 09:13:35,994 - INFO - ✅ ventes 062044623 2025-05-01-2025-05-31: 46269637 caractères
2025-07-08 09:13:55,450 - INFO - ✅ achats 062044623 2025-05-01-2025-05-31: 2804464 caractères
2025-07-08 09:14:05,630 - INFO - 📊 Période 18/18: 2025-06-01 -> 2025-06-30
2025-07-08 09:14:08,799 - INFO - ✅ ventes 062044623 2025-06-01-2025-06-30: 44830345 caractères
2025-07-08 09:14:28,815 - INFO - ✅ achats 062044623 2025-06-01-2025-06-30: 2540230 caractères
2025-07-08 09:14:37,703 - INFO - 
📊 STATISTIQUES Pharmacie du 8 mai 1945:
2025-07-08 09:14:37,705 - INFO -    PRODUCTS: 0/1 succès (0.0%)
2025-07-08 09:14:37,705 - INFO -    SALES: 18/18 succès (100.0%)
2025-07-08 09:14:37,705 - INFO -    ORDERS: 18/18 succès (100.0%)
2025-07-08 09:14:37,707 - INFO -    TVA: 35463 produits uniques avec TVA
2025-07-08 09:14:37,795 - INFO - ⏸️ Pause de 3 secondes avant la pharmacie suivante...
2025-07-08 09:14:40,800 - INFO - 
🏥 TRAITEMENT: Pharmacie Espace Bocaud (342026218)
2025-07-08 09:14:40,800 - INFO - ================================================================================
2025-07-08 09:14:44,854 - INFO - ✅ Credentials OK pour 342026218
2025-07-08 09:14:44,856 - INFO - 📦 Récupération des produits...
2025-07-08 09:14:46,408 - INFO - ✅ produits 342026218 -: 3149907 caractères
2025-07-08 09:15:33,404 - INFO - ✅ Produits traités avec succès
2025-07-08 09:15:33,405 - INFO - 📊 Période 1/18: 2024-01-01 -> 2024-01-31
2025-07-08 09:15:40,958 - INFO - ✅ ventes 342026218 2024-01-01-2024-01-31: 34158084 caractères
2025-07-08 09:15:56,598 - INFO - ✅ achats 342026218 2024-01-01-2024-01-31: 2743413 caractères
2025-07-08 09:16:05,493 - INFO - 📊 Période 2/18: 2024-02-01 -> 2024-02-29
2025-07-08 09:16:08,738 - INFO - ✅ ventes 342026218 2024-02-01-2024-02-29: 32587433 caractères
2025-07-08 09:16:22,034 - INFO - ✅ achats 342026218 2024-02-01-2024-02-29: 2809275 caractères
2025-07-08 09:16:31,001 - INFO - 📊 Période 3/18: 2024-03-01 -> 2024-03-31
2025-07-08 09:16:33,819 - INFO - ✅ ventes 342026218 2024-03-01-2024-03-31: 35138731 caractères
2025-07-08 09:16:48,567 - INFO - ✅ achats 342026218 2024-03-01-2024-03-31: 3044410 caractères
2025-07-08 09:16:58,217 - INFO - 📊 Période 4/18: 2024-04-01 -> 2024-04-30
2025-07-08 09:17:00,489 - INFO - ✅ ventes 342026218 2024-04-01-2024-04-30: 32490649 caractères
2025-07-08 09:17:14,115 - INFO - ✅ achats 342026218 2024-04-01-2024-04-30: 2553139 caractères
2025-07-08 09:17:22,705 - INFO - 📊 Période 5/18: 2024-05-01 -> 2024-05-31
2025-07-08 09:17:25,719 - INFO - ✅ ventes 342026218 2024-05-01-2024-05-31: 32380319 caractères
2025-07-08 09:17:39,203 - INFO - ✅ achats 342026218 2024-05-01-2024-05-31: 2698870 caractères
2025-07-08 09:17:48,209 - INFO - 📊 Période 6/18: 2024-06-01 -> 2024-06-30
2025-07-08 09:17:50,744 - INFO - ✅ ventes 342026218 2024-06-01-2024-06-30: 34027966 caractères
2025-07-08 09:18:04,622 - INFO - ✅ achats 342026218 2024-06-01-2024-06-30: 2560638 caractères
2025-07-08 09:18:13,031 - INFO - 📊 Période 7/18: 2024-07-01 -> 2024-07-31
2025-07-08 09:18:16,186 - INFO - ✅ ventes 342026218 2024-07-01-2024-07-31: 37284950 caractères
2025-07-08 09:18:31,595 - INFO - ✅ achats 342026218 2024-07-01-2024-07-31: 2556307 caractères
2025-07-08 09:18:39,661 - INFO - 📊 Période 8/18: 2024-08-01 -> 2024-08-31
2025-07-08 09:18:42,455 - INFO - ✅ ventes 342026218 2024-08-01-2024-08-31: 33400299 caractères
2025-07-08 09:18:55,964 - INFO - ✅ achats 342026218 2024-08-01-2024-08-31: 1999050 caractères
2025-07-08 09:19:02,588 - INFO - 📊 Période 9/18: 2024-09-01 -> 2024-09-30
2025-07-08 09:19:04,897 - INFO - ✅ ventes 342026218 2024-09-01-2024-09-30: 33640825 caractères
2025-07-08 09:19:18,654 - INFO - ✅ achats 342026218 2024-09-01-2024-09-30: 2506278 caractères
2025-07-08 09:19:27,492 - INFO - 📊 Période 10/18: 2024-10-01 -> 2024-10-31
2025-07-08 09:19:29,908 - INFO - ✅ ventes 342026218 2024-10-01-2024-10-31: 35375892 caractères
2025-07-08 09:19:44,831 - INFO - ✅ achats 342026218 2024-10-01-2024-10-31: 2710281 caractères
2025-07-08 09:19:54,202 - INFO - 📊 Période 11/18: 2024-11-01 -> 2024-11-30
2025-07-08 09:19:56,611 - INFO - ✅ ventes 342026218 2024-11-01-2024-11-30: 33552762 caractères
2025-07-08 09:20:10,705 - INFO - ✅ achats 342026218 2024-11-01-2024-11-30: 2378317 caractères
2025-07-08 09:20:18,677 - INFO - 📊 Période 12/18: 2024-12-01 -> 2024-12-31
2025-07-08 09:20:21,622 - INFO - ✅ ventes 342026218 2024-12-01-2024-12-31: 37382595 caractères
2025-07-08 09:20:36,857 - INFO - ✅ achats 342026218 2024-12-01-2024-12-31: 2479845 caractères
2025-07-08 09:20:45,040 - INFO - 📊 Période 13/18: 2025-01-01 -> 2025-01-31
2025-07-08 09:20:47,768 - INFO - ✅ ventes 342026218 2025-01-01-2025-01-31: 37305531 caractères
2025-07-08 09:21:02,854 - INFO - ✅ achats 342026218 2025-01-01-2025-01-31: 2476111 caractères
2025-07-08 09:21:11,042 - INFO - 📊 Période 14/18: 2025-02-01 -> 2025-02-28
2025-07-08 09:21:13,410 - INFO - ✅ ventes 342026218 2025-02-01-2025-02-28: 32353860 caractères
2025-07-08 09:21:27,425 - INFO - ✅ achats 342026218 2025-02-01-2025-02-28: 2530998 caractères
2025-07-08 09:21:36,148 - INFO - 📊 Période 15/18: 2025-03-01 -> 2025-03-31
2025-07-08 09:21:38,619 - INFO - ✅ ventes 342026218 2025-03-01-2025-03-31: 34465045 caractères
2025-07-08 09:21:53,603 - INFO - ✅ achats 342026218 2025-03-01-2025-03-31: 2120777 caractères
2025-07-08 09:22:00,777 - INFO - 📊 Période 16/18: 2025-04-01 -> 2025-04-30
2025-07-08 09:22:03,286 - INFO - ✅ ventes 342026218 2025-04-01-2025-04-30: 34065635 caractères
2025-07-08 09:22:18,872 - INFO - ✅ achats 342026218 2025-04-01-2025-04-30: 2805800 caractères
2025-07-08 09:22:28,089 - INFO - 📊 Période 17/18: 2025-05-01 -> 2025-05-31
2025-07-08 09:22:31,465 - INFO - ✅ ventes 342026218 2025-05-01-2025-05-31: 35615259 caractères
2025-07-08 09:22:46,981 - INFO - ✅ achats 342026218 2025-05-01-2025-05-31: 2595592 caractères
2025-07-08 09:22:50,350 - INFO - 
⚠️ Script interrompu par l'utilisateur
